[ 9- 9-2011 16:47:08:781]- LOG(F00): PRODUCTInst--
[ 9- 9-2011 16:47:08:781]- LOG(F00): InitProperties - retrieve props from file 'C:\DOCUME~1\JMFERN~1\CONFIG~1\Temp\7zS4A14\properties.ini'
[ 9- 9-2011 16:47:08:781]- LOG(F00): Installer version: 1.0.5.3
[ 9- 9-2011 16:47:08:781]- LOG(F00):  --- Language IDs ---
[ 9- 9-2011 16:47:08:781]- LOG(F00):   User Default UI Language =   3082,   0xc0a
[ 9- 9-2011 16:47:08:781]- LOG(F00):   System Default UI Language = 3082,   0xc0a
[ 9- 9-2011 16:47:08:781]- LOG(F00):   User Default Language ID =   3082,   0xc0a
[ 9- 9-2011 16:47:08:781]- LOG(F00):   System Default Language ID = 3082,   0xc0a
[ 9- 9-2011 16:47:08:781]- LOG(F00):   Language ID To Be Used =     3082,   0xc0a
[ 9- 9-2011 16:47:08:781]- LOG(F00): Is64BitWindows()
[ 9- 9-2011 16:47:08:781]- LOG(F00): getSystemWow64Directory() failed (gle=120)
[ 9- 9-2011 16:47:08:781]- LOG(F00): Is64BitWindows?  NO
[ 9- 9-2011 16:47:08:781]- LOG(F00): OS is NOT 64 bit
[ 9- 9-2011 16:47:08:781]- LOG(F00): cmdline 'PRODUCTI'
[ 9- 9-2011 16:47:08:781]- LOG(F00): -\/\/\/- Properties -\/\/\/-
[ 9- 9-2011 16:47:08:781]- LOG(F00): PRINT_INFNAME = CLJ2600.INF
[ 9- 9-2011 16:47:08:781]- LOG(F00): PRINT_VERNAME = SUhp2600.VER
[ 9- 9-2011 16:47:08:781]- LOG(F00): PRINTER_SERIES_NAME = HP Color LaserJet 2600 Series
[ 9- 9-2011 16:47:08:781]- LOG(F00): PRODUCT_VIDPID = VID_03F0&PID_2E17
[ 9- 9-2011 16:47:08:781]- LOG(F00): REG_INSTALLKEY = HP Color LaserJet 2600 Series
[ 9- 9-2011 16:47:08:796]- LOG(F00): ISRUNNING_MUTEX_NAME = HPCLJ2600Installexists
[ 9- 9-2011 16:47:08:796]- LOG(F00): INSTALL_DIRECTORY = HP Color LaserJet 2600 Series
[ 9- 9-2011 16:47:08:796]- LOG(F00): -/\/\/\- Properties -/\/\/\-
[ 9- 9-2011 16:47:08:796]- LOG(F00): PRODUCT Installer ---------------------------------------------------
[ 9- 9-2011 16:47:08:796]- LOG(F00): InstallSequencer()
[ 9- 9-2011 16:47:08:796]- LOG(F00): InstallSequencer() step = 0
[ 9- 9-2011 16:47:08:796]- LOG(F00): InstallSequencer() step = 1
[ 9- 9-2011 16:47:08:796]- LOG(F00): --- InitializeStep ---
[ 9- 9-2011 16:47:08:796]- LOG(F00): GetLandDir - Espanol
[ 9- 9-2011 16:47:08:796]- LOG(F00):   print inf:C:\DOCUME~1\JMFERN~1\CONFIG~1\Temp\7zS4A14\CLJ2600.INF
[ 9- 9-2011 16:47:08:796]- LOG(F00):   printer verion file: C:\DOCUME~1\JMFERN~1\CONFIG~1\Temp\7zS4A14\SUhp2600.VER
[ 9- 9-2011 16:47:08:796]- LOG(F00):   printer series name: HP Color LaserJet 2600 Series
[ 9- 9-2011 16:47:08:796]- LOG(F00): GetPrinternamesFromINF()
[ 9- 9-2011 16:47:08:796]- LOG(F00): InstallSequencer() step = 3
[ 9- 9-2011 16:47:08:796]- LOG(F00): --- LicenseStep --- 
[ 9- 9-2011 16:47:08:796]- LOG(F00):  License file: 'C:\DOCUME~1\JMFERN~1\CONFIG~1\Temp\7zS4A14\\license.txt'
[ 9- 9-2011 16:47:08:875]- LOG(F00): IDLCDialog::OnInitDialog() m_positionOnBottom=0, m_topmost=1, m_followPosition=0
[ 9- 9-2011 16:47:08:875]- LOG(F00): IDLCGenericTextDlg::OnInitDialog 
[ 9- 9-2011 16:47:08:875]- LOG(F00): Strings(): stringsDllPath: C:\DOCUME~1\JMFERN~1\CONFIG~1\Temp\7zS4A14\strings.dll
[ 9- 9-2011 16:47:08:875]- LOG(F00): IDLCGenericTextDlg::OnInitDialog -- load text from file 'C:\DOCUME~1\JMFERN~1\CONFIG~1\Temp\7zS4A14\\license.txt'
[ 9- 9-2011 16:47:08:875]- LOG(F00): Text is plain
[ 9- 9-2011 16:47:11:734]- LOG(F00):  -[ IDLCGenericTextDlg BUTTON 1 pressed ]-
[ 9- 9-2011 16:47:11:734]- LOG(F00): StartProgressDialog()  g_progressDlgRunning = 0
[ 9- 9-2011 16:47:11:734]- LOG(F00): StartProgressDialog()  Starting progress dialog thread ...
[ 9- 9-2011 16:47:11:734]- LOG(F00): Checking thread dialog handle 0
[ 9- 9-2011 16:47:11:734]- LOG(FC8): IDLCProgressDlg::OnInitDialog()
[ 9- 9-2011 16:47:11:734]- LOG(FC8): IDLCProgressDlg::DoDataExchange
[ 9- 9-2011 16:47:11:734]- LOG(FC8): IDLCDialog::OnInitDialog() m_positionOnBottom=0, m_topmost=1, m_followPosition=0
[ 9- 9-2011 16:47:11:843]- LOG(F00): Checking thread dialog handle 0xf0156
[ 9- 9-2011 16:47:12:343]- LOG(F00): InstallSequencer() step = 5
[ 9- 9-2011 16:47:12:343]- LOG(F00): --- MsiInstallStep --- 
[ 9- 9-2011 16:47:12:343]- LOG(F00): Installing 1 Core MSIs --
[ 9- 9-2011 16:47:12:343]- LOG(F00): ==================== INSTALL MSI ========================
[ 9- 9-2011 16:47:12:343]- LOG(F00): CMsi::Install(C:\DOCUME~1\JMFERN~1\CONFIG~1\Temp\7zS4A14\\, )
[ 9- 9-2011 16:47:12:343]- LOG(F00): CMsi::_Install(C:\DOCUME~1\JMFERN~1\CONFIG~1\Temp\7zS4A14\\,  REBOOT=ReallySuppress  ADDCLID=3082 )
[ 9- 9-2011 16:47:12:343]- LOG(F00): ===>>> ERROR (gle=110, 0x6e):  Msg: (null)  Context: CMsi::GetPropertyFromMsi MsiOpenDatabase
[ 9- 9-2011 16:47:12:343]- LOG(F00): CMsi::GetPropertyFromMsi failed. Setting  to UNKNOWN
[ 9- 9-2011 16:47:12:343]- LOG(F00): ===>>> ERROR (gle=110, 0x6e):  Msg: (null)  Context: CMsi::GetPropertyFromMsi MsiOpenDatabase
[ 9- 9-2011 16:47:12:343]- LOG(F00): CMsi::GetPropertyFromMsi failed. Setting  to UNKNOWN
[ 9- 9-2011 16:47:12:343]- LOG(F00):   Msi UpgradeCode = UNKNOWN
[ 9- 9-2011 16:47:12:343]- LOG(F00):   Msi ProductVersion = UNKNOWN
[ 9- 9-2011 16:47:12:531]- LOG(F00):   --- FAILED install C:\DOCUME~1\JMFERN~1\CONFIG~1\Temp\7zS4A14\\
[ 9- 9-2011 16:47:12:531]- LOG(F00): ===>>> ERROR (gle=3, 0x3):  Msg: (null)  Context: Failed Core msi Install 
[ 9- 9-2011 16:47:12:531]- LOG(F00): InstallSequencer() step = 4
[ 9- 9-2011 16:47:12:531]- LOG(F00): --- PreInstallStep ---
[ 9- 9-2011 16:47:12:531]- LOG(F00): IsDriverInstalled(List)
[ 9- 9-2011 16:47:12:531]- LOG(F00): IsDriverInstalled(HP Color LaserJet 2600n)
[ 9- 9-2011 16:47:12:531]- LOG(F00): FindInstalledDrivers()
[ 9- 9-2011 16:47:12:531]- LOG(F00): PrinterDriver?  HP Color LaserJet 2600n ?= Send To Microsoft OneNote Driver
[ 9- 9-2011 16:47:12:531]- LOG(F00): _PostProgressMessage hWnd=0xf0156 msg=1125, param=17049
[ 9- 9-2011 16:47:12:531]- LOG(F00): InstallProgramFiles()
[ 9- 9-2011 16:47:12:531]- LOG(FC8): IDLCProgressDlg::OnCurrentProgressMsg()
[ 9- 9-2011 16:47:12:531]- LOG(FC8):    msg=Copiando archivos al disco duro...
[ 9- 9-2011 16:47:12:562]- LOG(F00):   programFilesDir:C:\Archivos de programa\HP\HP Color LaserJet 2600 Series
[ 9- 9-2011 16:47:12:562]- LOG(F00): CopyEntireFolder(C:\DOCUME~1\JMFERN~1\CONFIG~1\Temp\7zS4A14\,C:\Archivos de programa\HP\HP Color LaserJet 2600 Series)
[ 9- 9-2011 16:47:12:578]- LOG(F00): CopyFilterFiles(*.*, C:\DOCUME~1\JMFERN~1\CONFIG~1\Temp\7zS4A14\, C:\Archivos de programa\HP\HP Color LaserJet 2600 Series)
[ 9- 9-2011 16:47:12:578]- LOG(F00): Copy file C:\DOCUME~1\JMFERN~1\CONFIG~1\Temp\7zS4A14\\a2600IP.dll to C:\Archivos de programa\HP\HP Color LaserJet 2600 Series\a2600IP.dll
[ 9- 9-2011 16:47:12:640]- LOG(F00): Copy file C:\DOCUME~1\JMFERN~1\CONFIG~1\Temp\7zS4A14\\agissi.dll to C:\Archivos de programa\HP\HP Color LaserJet 2600 Series\agissi.dll
[ 9- 9-2011 16:47:12:640]- LOG(F00): Copy file C:\DOCUME~1\JMFERN~1\CONFIG~1\Temp\7zS4A14\\CLJ2600.INF to C:\Archivos de programa\HP\HP Color LaserJet 2600 Series\CLJ2600.INF
[ 9- 9-2011 16:47:12:640]- LOG(F00): Copy file C:\DOCUME~1\JMFERN~1\CONFIG~1\Temp\7zS4A14\\DIFxAPI.dll to C:\Archivos de programa\HP\HP Color LaserJet 2600 Series\DIFxAPI.dll
[ 9- 9-2011 16:47:12:656]- LOG(F00): Copy file C:\DOCUME~1\JMFERN~1\CONFIG~1\Temp\7zS4A14\\guide.chm to C:\Archivos de programa\HP\HP Color LaserJet 2600 Series\guide.chm
[ 9- 9-2011 16:47:12:656]- LOG(F00): Copy file C:\DOCUME~1\JMFERN~1\CONFIG~1\Temp\7zS4A14\\guide.pdf to C:\Archivos de programa\HP\HP Color LaserJet 2600 Series\guide.pdf
[ 9- 9-2011 16:47:12:703]- LOG(F00): Copy file C:\DOCUME~1\JMFERN~1\CONFIG~1\Temp\7zS4A14\\hp26002k.cat to C:\Archivos de programa\HP\HP Color LaserJet 2600 Series\hp26002k.cat
[ 9- 9-2011 16:47:12:703]- LOG(F00): Copy file C:\DOCUME~1\JMFERN~1\CONFIG~1\Temp\7zS4A14\\HP2600IR.dll to C:\Archivos de programa\HP\HP Color LaserJet 2600 Series\HP2600IR.dll
[ 9- 9-2011 16:47:12:703]- LOG(F00): Copy file C:\DOCUME~1\JMFERN~1\CONFIG~1\Temp\7zS4A14\\hp2600n.img to C:\Archivos de programa\HP\HP Color LaserJet 2600 Series\hp2600n.img
[ 9- 9-2011 16:47:12:718]- LOG(F00): Copy file C:\DOCUME~1\JMFERN~1\CONFIG~1\Temp\7zS4A14\\license.txt to C:\Archivos de programa\HP\HP Color LaserJet 2600 Series\license.txt
[ 9- 9-2011 16:47:12:718]- LOG(F00): Copy file C:\DOCUME~1\JMFERN~1\CONFIG~1\Temp\7zS4A14\\License7z.txt to C:\Archivos de programa\HP\HP Color LaserJet 2600 Series\License7z.txt
[ 9- 9-2011 16:47:12:718]- LOG(F00): Copy file C:\DOCUME~1\JMFERN~1\CONFIG~1\Temp\7zS4A14\\ProductInst.exe to C:\Archivos de programa\HP\HP Color LaserJet 2600 Series\ProductInst.exe
[ 9- 9-2011 16:47:12:750]- LOG(F00): Copy file C:\DOCUME~1\JMFERN~1\CONFIG~1\Temp\7zS4A14\\properties.ini to C:\Archivos de programa\HP\HP Color LaserJet 2600 Series\properties.ini
[ 9- 9-2011 16:47:12:750]- LOG(F00): Copy file C:\DOCUME~1\JMFERN~1\CONFIG~1\Temp\7zS4A14\\readme.html to C:\Archivos de programa\HP\HP Color LaserJet 2600 Series\readme.html
[ 9- 9-2011 16:47:12:781]- LOG(F00): Copy file C:\DOCUME~1\JMFERN~1\CONFIG~1\Temp\7zS4A14\\SDhp2600.chm to C:\Archivos de programa\HP\HP Color LaserJet 2600 Series\SDhp2600.chm
[ 9- 9-2011 16:47:12:781]- LOG(F00): Copy file C:\DOCUME~1\JMFERN~1\CONFIG~1\Temp\7zS4A14\\SDhp2600.DLL to C:\Archivos de programa\HP\HP Color LaserJet 2600 Series\SDhp2600.DLL
[ 9- 9-2011 16:47:12:796]- LOG(F00): Copy file C:\DOCUME~1\JMFERN~1\CONFIG~1\Temp\7zS4A14\\SDhp2600.SDD to C:\Archivos de programa\HP\HP Color LaserJet 2600 Series\SDhp2600.SDD
[ 9- 9-2011 16:47:12:796]- LOG(F00): Copy file C:\DOCUME~1\JMFERN~1\CONFIG~1\Temp\7zS4A14\\SDhp2600.UNZ to C:\Archivos de programa\HP\HP Color LaserJet 2600 Series\SDhp2600.UNZ
[ 9- 9-2011 16:47:12:796]- LOG(F00): Copy file C:\DOCUME~1\JMFERN~1\CONFIG~1\Temp\7zS4A14\\SETUP.INI to C:\Archivos de programa\HP\HP Color LaserJet 2600 Series\SETUP.INI
[ 9- 9-2011 16:47:12:828]- LOG(F00): Copy file C:\DOCUME~1\JMFERN~1\CONFIG~1\Temp\7zS4A14\\Strings.dll to C:\Archivos de programa\HP\HP Color LaserJet 2600 Series\Strings.dll
[ 9- 9-2011 16:47:12:843]- LOG(F00): Copy file C:\DOCUME~1\JMFERN~1\CONFIG~1\Temp\7zS4A14\\SUhp2600.DLL to C:\Archivos de programa\HP\HP Color LaserJet 2600 Series\SUhp2600.DLL
[ 9- 9-2011 16:47:12:843]- LOG(F00): Copy file C:\DOCUME~1\JMFERN~1\CONFIG~1\Temp\7zS4A14\\SUhp2600.ent to C:\Archivos de programa\HP\HP Color LaserJet 2600 Series\SUhp2600.ent
[ 9- 9-2011 16:47:12:843]- LOG(F00): Copy file C:\DOCUME~1\JMFERN~1\CONFIG~1\Temp\7zS4A14\\SUhp2600.VER to C:\Archivos de programa\HP\HP Color LaserJet 2600 Series\SUhp2600.VER
[ 9- 9-2011 16:47:12:843]- LOG(F00): Copy file C:\DOCUME~1\JMFERN~1\CONFIG~1\Temp\7zS4A14\\WpInstall.exe to C:\Archivos de programa\HP\HP Color LaserJet 2600 Series\WpInstall.exe
[ 9- 9-2011 16:47:12:859]- LOG(F00): Copy file C:\DOCUME~1\JMFERN~1\CONFIG~1\Temp\7zS4A14\\xerces-c.dll to C:\Archivos de programa\HP\HP Color LaserJet 2600 Series\xerces-c.dll
[ 9- 9-2011 16:47:12:875]- LOG(F00): Copy file C:\DOCUME~1\JMFERN~1\CONFIG~1\Temp\7zS4A14\\ZGDI.dll to C:\Archivos de programa\HP\HP Color LaserJet 2600 Series\ZGDI.dll
[ 9- 9-2011 16:47:12:890]- LOG(F00): Copy file C:\DOCUME~1\JMFERN~1\CONFIG~1\Temp\7zS4A14\\zhhp2600.exe to C:\Archivos de programa\HP\HP Color LaserJet 2600 Series\zhhp2600.exe
[ 9- 9-2011 16:47:12:921]- LOG(F00): Copy file C:\DOCUME~1\JMFERN~1\CONFIG~1\Temp\7zS4A14\\zhhp_res.dll to C:\Archivos de programa\HP\HP Color LaserJet 2600 Series\zhhp_res.dll
[ 9- 9-2011 16:47:13:187]- LOG(F00): Copy file C:\DOCUME~1\JMFERN~1\CONFIG~1\Temp\7zS4A14\\zIMF.dll to C:\Archivos de programa\HP\HP Color LaserJet 2600 Series\zIMF.dll
[ 9- 9-2011 16:47:13:343]- LOG(F00): Copy file C:\DOCUME~1\JMFERN~1\CONFIG~1\Temp\7zS4A14\\ZIMFDRV.dll to C:\Archivos de programa\HP\HP Color LaserJet 2600 Series\ZIMFDRV.dll
[ 9- 9-2011 16:47:13:359]- LOG(F00): Copy file C:\DOCUME~1\JMFERN~1\CONFIG~1\Temp\7zS4A14\\zimfprnt.dll to C:\Archivos de programa\HP\HP Color LaserJet 2600 Series\zimfprnt.dll
[ 9- 9-2011 16:47:13:375]- LOG(F00): Copy file C:\DOCUME~1\JMFERN~1\CONFIG~1\Temp\7zS4A14\\ZJBIG.dll to C:\Archivos de programa\HP\HP Color LaserJet 2600 Series\ZJBIG.dll
[ 9- 9-2011 16:47:13:390]- LOG(F00): Copy file C:\DOCUME~1\JMFERN~1\CONFIG~1\Temp\7zS4A14\\zlhp2600.dll to C:\Archivos de programa\HP\HP Color LaserJet 2600 Series\zlhp2600.dll
[ 9- 9-2011 16:47:13:390]- LOG(F00): Copy file C:\DOCUME~1\JMFERN~1\CONFIG~1\Temp\7zS4A14\\zqdprint.dll to C:\Archivos de programa\HP\HP Color LaserJet 2600 Series\zqdprint.dll
[ 9- 9-2011 16:47:13:406]- LOG(F00): Copy file C:\DOCUME~1\JMFERN~1\CONFIG~1\Temp\7zS4A14\\zSD.dll to C:\Archivos de programa\HP\HP Color LaserJet 2600 Series\zSD.dll
[ 9- 9-2011 16:47:13:406]- LOG(F00): Copy file C:\DOCUME~1\JMFERN~1\CONFIG~1\Temp\7zS4A14\\zSDDM.DLL to C:\Archivos de programa\HP\HP Color LaserJet 2600 Series\zSDDM.DLL
[ 9- 9-2011 16:47:13:406]- LOG(F00): Copy file C:\DOCUME~1\JMFERN~1\CONFIG~1\Temp\7zS4A14\\zSDDMUI.dll to C:\Archivos de programa\HP\HP Color LaserJet 2600 Series\zSDDMUI.dll
[ 9- 9-2011 16:47:13:437]- LOG(F00): Copy file C:\DOCUME~1\JMFERN~1\CONFIG~1\Temp\7zS4A14\\zSDIMF.dll to C:\Archivos de programa\HP\HP Color LaserJet 2600 Series\zSDIMF.dll
[ 9- 9-2011 16:47:13:593]- LOG(F00): Copy file C:\DOCUME~1\JMFERN~1\CONFIG~1\Temp\7zS4A14\\zSDNT5UI.dll to C:\Archivos de programa\HP\HP Color LaserJet 2600 Series\zSDNT5UI.dll
[ 9- 9-2011 16:47:13:734]- LOG(F00): Copy file C:\DOCUME~1\JMFERN~1\CONFIG~1\Temp\7zS4A14\\zshp2600.exe to C:\Archivos de programa\HP\HP Color LaserJet 2600 Series\zshp2600.exe
[ 9- 9-2011 16:47:13:750]- LOG(F00): Copy file C:\DOCUME~1\JMFERN~1\CONFIG~1\Temp\7zS4A14\\ZSPOOL.dll to C:\Archivos de programa\HP\HP Color LaserJet 2600 Series\ZSPOOL.dll
[ 9- 9-2011 16:47:13:812]- LOG(F00): Copy file C:\DOCUME~1\JMFERN~1\CONFIG~1\Temp\7zS4A14\\zSR.DLL to C:\Archivos de programa\HP\HP Color LaserJet 2600 Series\zSR.DLL
[ 9- 9-2011 16:47:13:843]- LOG(F00): Copy file C:\DOCUME~1\JMFERN~1\CONFIG~1\Temp\7zS4A14\\ZSUXML.dll to C:\Archivos de programa\HP\HP Color LaserJet 2600 Series\ZSUXML.dll
[ 9- 9-2011 16:47:13:859]- LOG(F00): Copy file C:\DOCUME~1\JMFERN~1\CONFIG~1\Temp\7zS4A14\\ztag.dll to C:\Archivos de programa\HP\HP Color LaserJet 2600 Series\ztag.dll
[ 9- 9-2011 16:47:13:859]- LOG(F00): _PostProgressMessage hWnd=0xf0156 msg=1125, param=13074
[ 9- 9-2011 16:47:13:859]- LOG(F00): Preinstalling inf C:\DOCUME~1\JMFERN~1\CONFIG~1\Temp\7zS4A14\CLJ2600.INF
[ 9- 9-2011 16:47:13:859]- LOG(FC8): IDLCProgressDlg::OnCurrentProgressMsg()
[ 9- 9-2011 16:47:13:859]- LOG(FC8):    msg=Preinstalando los archivos del controlador...
[ 9- 9-2011 16:47:16:125]- LOG(F00): InstallSequencer() step = 6
[ 9- 9-2011 16:47:16:125]- LOG(F00): --- InstallUsbStep --- PROP_PRINTER_NAME: HP Color LaserJet 2600 Series
[ 9- 9-2011 16:47:16:125]- LOG(F00): FindInstalledPrinters(driverList 1 elements)
[ 9- 9-2011 16:47:16:125]- LOG(F00): == Searching installed printers for our driver names...
[ 9- 9-2011 16:47:16:125]- LOG(F00):   Driver name: HP Color LaserJet 2600n
[ 9- 9-2011 16:47:16:125]- LOG(F00):   -Installed Driver name: Send To Microsoft OneNote Driver
[ 9- 9-2011 16:47:16:125]- LOG(F00):  Found NO printers with our drivername
[ 9- 9-2011 16:47:16:125]- LOG(F00): SetDriverPackageInfPath(C:\DOCUME~1\JMFERN~1\CONFIG~1\Temp\7zS4A14\CLJ2600.INF)
[ 9- 9-2011 16:47:16:125]- LOG(F00): _PostProgressMessage hWnd=0xf0156 msg=1125, param=13071
[ 9- 9-2011 16:47:16:125]- LOG(F00): _PostProgressMessage hWnd=0xf0156 msg=1129, param=0
[ 9- 9-2011 16:47:16:125]- LOG(FC8): IDLCProgressDlg::OnCurrentProgressMsg()
[ 9- 9-2011 16:47:16:125]- LOG(F00): _PostProgressMessage hWnd=0xf0156 msg=1133, param=0
[ 9- 9-2011 16:47:16:125]- LOG(FC8):    msg=Esperando a que el usuario se conecte al dispositivo.
[ 9- 9-2011 16:47:16:125]- LOG(FC8): IDLCProgressDlg::OnStopCurrentProgress()
[ 9- 9-2011 16:47:16:125]- LOG(FC8): IDLCProgressDlg::OnResetCurrentProgress()
[ 9- 9-2011 16:47:16:234]- LOG(F00): Inside CConnectDlg -- SetTime to Waiting for PnP...
[ 9- 9-2011 16:47:16:234]- LOG(F00): IsNewDeviceConnected(vidpidList with 1 elements)
[ 9- 9-2011 16:47:16:234]- LOG(F00): _GetUSBDevice(index=0, vidpid=VID_03F0&PID_2E17)
[ 9- 9-2011 16:47:16:234]- LOG(F00): _GetUSBDevice first time so GetClassDevs
[ 9- 9-2011 16:47:16:250]- LOG(F00): Device: USB\VID_03F0&PID_2E17\F942G42
[ 9- 9-2011 16:47:16:250]- LOG(F00): IsDeviceInstalled(USB\VID_03F0&PID_2E17\F942G42)
[ 9- 9-2011 16:47:16:250]- LOG(F00): USBdevInstID_to_USBPRINTdevInstID()
[ 9- 9-2011 16:47:16:250]- LOG(F00): GetStringFromHKLM SYSTEM\CurrentControlSet\Enum\USB\VID_03F0&PID_2E17\F942G42 ParentIdPrefix
[ 9- 9-2011 16:47:16:250]- LOG(F00): GetValueFromHKey SYSTEM\CurrentControlSet\Enum\USB\VID_03F0&PID_2E17\F942G42 ParentIdPrefix
[ 9- 9-2011 16:47:16:812]- LOG(F00):  Found a device connected that is NOT installed: USB\VID_03F0&PID_2E17\F942G42
[ 9- 9-2011 16:47:16:812]- LOG(F00): --!-- New devices connected.  Starting animaton...
[ 9- 9-2011 16:47:16:812]- LOG(F00): _PostProgressMessage hWnd=0xf0156 msg=1130, param=0
[ 9- 9-2011 16:47:16:812]- LOG(F00): _PostProgressMessage hWnd=0xf0156 msg=1125, param=13072
[ 9- 9-2011 16:47:16:812]- LOG(FC8): IDLCProgressDlg::OnStartCurrentProgress(0)
[ 9- 9-2011 16:47:16:812]- LOG(FC8): IDLCProgressDlg -- setting current progress tic = 500
[ 9- 9-2011 16:47:16:812]- LOG(FC8): IDLCProgressDlg::OnCurrentProgressMsg()
[ 9- 9-2011 16:47:16:812]- LOG(FC8):    msg=El dispositivo está conectado. Esperando a que PnP acabe de instalar el controlador...
[ 9- 9-2011 16:47:19:718]- LOG(F00): CConnectDlg::WaitForPnP()
[ 9- 9-2011 16:47:19:718]- LOG(F00): PnPOn != WAIT_OBJECT_0
[ 9- 9-2011 16:47:19:718]- LOG(F00): --- PnP Started.  Wait for PnP to finish.
[ 9- 9-2011 16:47:19:734]- LOG(F00): _PostProgressMessage hWnd=0xf0156 msg=1125, param=13109
[ 9- 9-2011 16:47:19:734]- LOG(FC8): IDLCProgressDlg::OnCurrentProgressMsg()
[ 9- 9-2011 16:47:19:734]- LOG(FC8):    msg=Agregando controladores de impresora...
[ 9- 9-2011 16:47:19:734]- LOG(F00): WaitForPnP returned 2, continuing animation.
[ 9- 9-2011 16:47:20:328]- LOG(F00): CConnectDlg::WaitForPnP()
[ 9- 9-2011 16:47:21:031]- LOG(F00): CConnectDlg::WaitForPnP()
[ 9- 9-2011 16:47:21:734]- LOG(F00): CConnectDlg::WaitForPnP()
[ 9- 9-2011 16:47:22:437]- LOG(F00): CConnectDlg::WaitForPnP()
[ 9- 9-2011 16:47:23:140]- LOG(F00): CConnectDlg::WaitForPnP()
[ 9- 9-2011 16:47:23:140]- LOG(F00): PnPOn != WAIT_OBJECT_0
[ 9- 9-2011 16:47:23:843]- LOG(F00): CConnectDlg::WaitForPnP()
[ 9- 9-2011 16:47:24:546]- LOG(F00): CConnectDlg::WaitForPnP()
[ 9- 9-2011 16:47:25:250]- LOG(F00): CConnectDlg::WaitForPnP()
[ 9- 9-2011 16:47:25:953]- LOG(F00): CConnectDlg::WaitForPnP()
[ 9- 9-2011 16:47:26:656]- LOG(F00): CConnectDlg::WaitForPnP()
[ 9- 9-2011 16:47:26:656]- LOG(F00): PnPOn != WAIT_OBJECT_0
[ 9- 9-2011 16:47:27:359]- LOG(F00): CConnectDlg::WaitForPnP()
[ 9- 9-2011 16:47:28:062]- LOG(F00): CConnectDlg::WaitForPnP()
[ 9- 9-2011 16:47:28:765]- LOG(F00): CConnectDlg::WaitForPnP()
[ 9- 9-2011 16:47:29:468]- LOG(F00): CConnectDlg::WaitForPnP()
[ 9- 9-2011 16:47:30:171]- LOG(F00): CConnectDlg::WaitForPnP()
[ 9- 9-2011 16:47:30:171]- LOG(F00): PnPOn != WAIT_OBJECT_0
[ 9- 9-2011 16:47:30:875]- LOG(F00): CConnectDlg::WaitForPnP()
[ 9- 9-2011 16:47:31:578]- LOG(F00): CConnectDlg::WaitForPnP()
[ 9- 9-2011 16:47:31:578]- LOG(F00):   WaitForPnP PnPErrorDelayCounter=0.
[ 9- 9-2011 16:47:32:281]- LOG(F00): CConnectDlg::WaitForPnP()
[ 9- 9-2011 16:47:32:281]- LOG(F00):   WaitForPnP PnPErrorDelayCounter=1.
[ 9- 9-2011 16:47:32:281]- LOG(F00): _PostProgressMessage hWnd=0xf0156 msg=1129, param=0
[ 9- 9-2011 16:47:32:281]- LOG(F00): _PostProgressMessage hWnd=0xf0156 msg=1125, param=13076
[ 9- 9-2011 16:47:32:281]- LOG(FC8): IDLCProgressDlg::OnStopCurrentProgress()
[ 9- 9-2011 16:47:32:281]- LOG(F00):   PnP is NO LONGER running
[ 9- 9-2011 16:47:32:281]- LOG(FC8): IDLCProgressDlg::OnCurrentProgressMsg()
[ 9- 9-2011 16:47:32:281]- LOG(FC8):    msg=Instalación completada correctamente.
[ 9- 9-2011 16:47:32:281]- LOG(F00): InstallSequencer() step = 7
[ 9- 9-2011 16:47:32:281]- LOG(F00): TerminateProgressThrd(0xae7d78)
[ 9- 9-2011 16:47:32:281]- LOG(F00): _PostProgressMessage hWnd=0xf0156 msg=1124, param=0
[ 9- 9-2011 16:47:32:281]- LOG(FC8): IDLCProgressDlg::OnTerminate()
[ 9- 9-2011 16:47:32:281]- LOG(F00): --- FinishStep ---
[ 9- 9-2011 16:47:32:296]- LOG(F00): IDLCDialog::OnInitDialog() m_positionOnBottom=0, m_topmost=1, m_followPosition=0
[ 9- 9-2011 16:47:32:296]- LOG(F00): IDLCGenericTextDlg::OnInitDialog 
[ 9- 9-2011 16:47:32:296]- LOG(F00): Text is plain
[ 9- 9-2011 16:47:34:781]- LOG(F00):  -[ IDLCGenericTextDlg BUTTON 0 pressed ]-
